{"created": 1690520845.5999393, "duration": 244.14062929153442, "exitcode": 1, "root": "C:\\Zoomprop", "environment": {"Python": "3.10.2", "Platform": "Windows-10-10.0.19045-SP0", "Packages": {"pytest": "7.4.0", "pluggy": "1.0.0"}, "Plugins": {"html": "3.2.0", "json": "0.4.0", "json-report": "1.5.0", "metadata": "2.0.4"}}, "summary": {"passed": 11, "failed": 2, "total": 13, "collected": 13}, "collectors": [{"nodeid": "", "outcome": "passed", "result": [{"nodeid": "config/__init__.py", "type": "Package"}, {"nodeid": "driver/__init__.py", "type": "Package"}, {"nodeid": "pages/__init__.py", "type": "Package"}, {"nodeid": "utility/__init__.py", "type": "Package"}]}, {"nodeid": "config/__init__.py", "outcome": "passed", "result": []}, {"nodeid": "driver/test_base.py", "outcome": "passed", "result": []}, {"nodeid": "driver/test_cases.py::TestCases", "outcome": "passed", "result": [{"nodeid": "driver/test_cases.py::TestCases::test_loginfunctionality", "type": "Function", "lineno": 21}, {"nodeid": "driver/test_cases.py::TestCases::test_dashboardpageload", "type": "Function", "lineno": 30}, {"nodeid": "driver/test_cases.py::TestCases::test_collectionpageload", "type": "Function", "lineno": 39}, {"nodeid": "driver/test_cases.py::TestCases::test_createnewcollection", "type": "Function", "lineno": 47}, {"nodeid": "driver/test_cases.py::TestCases::test_deletecollection", "type": "Function", "lineno": 56}, {"nodeid": "driver/test_cases.py::TestCases::test_prospectpageload", "type": "Function", "lineno": 62}, {"nodeid": "driver/test_cases.py::TestCases::test_heatmapload", "type": "Function", "lineno": 69}, {"nodeid": "driver/test_cases.py::TestCases::test_marketpageload", "type": "Function", "lineno": 76}, {"nodeid": "driver/test_cases.py::TestCases::test_marketappericationproperty", "type": "Function", "lineno": 83}, {"nodeid": "driver/test_cases.py::TestCases::test_articlepageload", "type": "Function", "lineno": 89}, {"nodeid": "driver/test_cases.py::TestCases::test_statsoageload", "type": "Function", "lineno": 97}, {"nodeid": "driver/test_cases.py::TestCases::test_alertpageload", "type": "Function", "lineno": 106}, {"nodeid": "driver/test_cases.py::TestCases::test_settingpageload", "type": "Function", "lineno": 114}]}, {"nodeid": "driver/test_cases.py", "outcome": "passed", "result": [{"nodeid": "driver/test_cases.py::TestCases", "type": "Class"}]}, {"nodeid": "driver/__init__.py", "outcome": "passed", "result": [{"nodeid": "driver/test_base.py", "type": "Module"}, {"nodeid": "driver/test_cases.py", "type": "Module"}]}, {"nodeid": "pages/__init__.py", "outcome": "passed", "result": []}, {"nodeid": "utility/__init__.py", "outcome": "passed", "result": []}], "tests": [{"nodeid": "driver/test_cases.py::TestCases::test_loginfunctionality", "lineno": 21, "outcome": "passed", "keywords": ["test_loginfunctionality", "TestCases", "usefixtures", "test_cases.py", "driver/__init__.py", "Zoomprop"], "setup": {"duration": 23.348929400090128, "outcome": "passed"}, "call": {"duration": 12.01933170016855, "outcome": "passed"}, "teardown": {"duration": 0.038423300022259355, "outcome": "passed"}}, {"nodeid": "driver/test_cases.py::TestCases::test_dashboardpageload", "lineno": 30, "outcome": "passed", "keywords": ["test_dashboardpageload", "TestCases", "usefixtures", "test_cases.py", "driver/__init__.py", "Zoomprop"], "setup": {"duration": 0.0022464001085609198, "outcome": "passed"}, "call": {"duration": 35.21244340017438, "outcome": "passed"}, "teardown": {"duration": 0.0014714000280946493, "outcome": "passed"}}, {"nodeid": "driver/test_cases.py::TestCases::test_collectionpageload", "lineno": 39, "outcome": "passed", "keywords": ["test_collectionpageload", "TestCases", "usefixtures", "test_cases.py", "driver/__init__.py", "Zoomprop"], "setup": {"duration": 0.001032200176268816, "outcome": "passed"}, "call": {"duration": 11.827522699953988, "outcome": "passed"}, "teardown": {"duration": 0.0007092999294400215, "outcome": "passed"}}, {"nodeid": "driver/test_cases.py::TestCases::test_createnewcollection", "lineno": 47, "outcome": "failed", "keywords": ["test_createnewcollection", "TestCases", "usefixtures", "test_cases.py", "driver/__init__.py", "Zoomprop"], "setup": {"duration": 0.0011070000473409891, "outcome": "passed"}, "call": {"duration": 38.36631069984287, "outcome": "failed", "crash": {"path": "C:\\Zoomprop\\pages\\collectionpage.py", "lineno": 54, "message": "AssertionError: Collection has not created please check for error"}, "traceback": [{"path": "driver\\test_cases.py", "lineno": 54, "message": ""}, {"path": "pages\\collectionpage.py", "lineno": 54, "message": "AssertionError"}], "stdout": "5\n6\n0\n1\n2\n3\n4\n5\n6\n7\n8\n9\n10\n11\n12\n13\n14\n15\n16\n17\n18\n19\n20\n21\n22\n23\n24\n25\n26\n27\n28\n29\n30\n31\n32\n33\n34\n35\n36\n37\n38\n39\n", "longrepr": "self = <driver.test_cases.TestCases object at 0x0000028F8A6545B0>\n\n    def test_createnewcollection(self):\n        newcollection = Collectionpage(self.driver)\n        searchbykeword = Utility.getjsondata('newcollection', 'searchbykewords')\n        newcollection.click_createcollection()\n        newcollection.click_searchbykeywords()\n        newcollection.setup_newcollection(searchbykeword)\n>       newcollection.check_collectioncreated()\n\ndriver\\test_cases.py:54: \n_ _ _ _ _ _ _ _ _ _ _ _ _ _ _ _ _ _ _ _ _ _ _ _ _ _ _ _ _ _ _ _ _ _ _ _ _ _ _ _ _ _ _ _ _ _ _ _ _ _ _ _ _ _ _ _\n\nself = <pages.collectionpage.Collectionpage object at 0x0000028F8A657130>\n\n    def check_collectioncreated(self):\n        count = self.check_elementscount(self.btn_view)\n        if (count == True):\n            assert True, \"Collection created successfully\"\n            self.browserrefresh()\n            time.sleep(5)\n        else:\n            self.browserrefresh()\n>           assert False, \"Collection has not created please check for error\"\nE           AssertionError: Collection has not created please check for error\n\npages\\collectionpage.py:54: AssertionError"}, "teardown": {"duration": 0.0008529000915586948, "outcome": "passed"}}, {"nodeid": "driver/test_cases.py::TestCases::test_deletecollection", "lineno": 56, "outcome": "passed", "keywords": ["test_deletecollection", "TestCases", "usefixtures", "test_cases.py", "driver/__init__.py", "Zoomprop"], "setup": {"duration": 0.0010315999388694763, "outcome": "passed"}, "call": {"duration": 13.583211299963295, "outcome": "passed"}, "teardown": {"duration": 0.0011342999059706926, "outcome": "passed"}}, {"nodeid": "driver/test_cases.py::TestCases::test_prospectpageload", "lineno": 62, "outcome": "passed", "keywords": ["test_prospectpageload", "TestCases", "usefixtures", "test_cases.py", "driver/__init__.py", "Zoomprop"], "setup": {"duration": 0.0019281001295894384, "outcome": "passed"}, "call": {"duration": 10.35683529987, "outcome": "passed"}, "teardown": {"duration": 0.0007990000303834677, "outcome": "passed"}}, {"nodeid": "driver/test_cases.py::TestCases::test_heatmapload", "lineno": 69, "outcome": "passed", "keywords": ["test_heatmapload", "TestCases", "usefixtures", "test_cases.py", "driver/__init__.py", "Zoomprop"], "setup": {"duration": 0.0009705000557005405, "outcome": "passed"}, "call": {"duration": 5.381954900221899, "outcome": "passed"}, "teardown": {"duration": 0.0006981999613344669, "outcome": "passed"}}, {"nodeid": "driver/test_cases.py::TestCases::test_marketpageload", "lineno": 76, "outcome": "passed", "keywords": ["test_marketpageload", "TestCases", "usefixtures", "test_cases.py", "driver/__init__.py", "Zoomprop"], "setup": {"duration": 0.0011279999744147062, "outcome": "passed"}, "call": {"duration": 11.024685299955308, "outcome": "passed"}, "teardown": {"duration": 0.0006908001378178596, "outcome": "passed"}}, {"nodeid": "driver/test_cases.py::TestCases::test_marketappericationproperty", "lineno": 83, "outcome": "failed", "keywords": ["test_marketappericationproperty", "TestCases", "usefixtures", "test_cases.py", "driver/__init__.py", "Zoomprop"], "setup": {"duration": 0.0011585000902414322, "outcome": "passed"}, "call": {"duration": 4.697369000175968, "outcome": "failed", "crash": {"path": "C:\\Zoomprop\\pages\\marketpage.py", "lineno": 38, "message": "AssertionError: apperication data is not showing up in datatable."}, "traceback": [{"path": "driver\\test_cases.py", "lineno": 86, "message": ""}, {"path": "pages\\marketpage.py", "lineno": 38, "message": "AssertionError"}], "stdout": "25\n", "longrepr": "self = <driver.test_cases.TestCases object at 0x0000028F8A654F10>\n\n    def test_marketappericationproperty(self):\n        appr = Marketpage(self.driver)\n>       appr.check_apprtabledataloads()\n\ndriver\\test_cases.py:86: \n_ _ _ _ _ _ _ _ _ _ _ _ _ _ _ _ _ _ _ _ _ _ _ _ _ _ _ _ _ _ _ _ _ _ _ _ _ _ _ _ _ _ _ _ _ _ _ _ _ _ _ _ _ _ _ _\n\nself = <pages.marketpage.Marketpage object at 0x0000028F8A6E0970>\n\n    def check_apprtabledataloads(self):\n        self.click(self.btn_apperication)\n        time.sleep(4)\n        count = self.check_datatableloads(self.btn_view)\n        if (count == True):\n            assert True, \"Datatable shows the apperication data\"\n        else:\n>           assert False, \"apperication data is not showing up in datatable.\"\nE           AssertionError: apperication data is not showing up in datatable.\n\npages\\marketpage.py:38: AssertionError"}, "teardown": {"duration": 0.000820899847894907, "outcome": "passed"}}, {"nodeid": "driver/test_cases.py::TestCases::test_articlepageload", "lineno": 89, "outcome": "passed", "keywords": ["test_articlepageload", "TestCases", "usefixtures", "test_cases.py", "driver/__init__.py", "Zoomprop"], "setup": {"duration": 0.0011460001114755869, "outcome": "passed"}, "call": {"duration": 10.81337790004909, "outcome": "passed"}, "teardown": {"duration": 0.0006937000434845686, "outcome": "passed"}}, {"nodeid": "driver/test_cases.py::TestCases::test_statsoageload", "lineno": 97, "outcome": "passed", "keywords": ["test_statsoageload", "TestCases", "usefixtures", "test_cases.py", "driver/__init__.py", "Zoomprop"], "setup": {"duration": 0.0011440999805927277, "outcome": "passed"}, "call": {"duration": 10.44517600000836, "outcome": "passed"}, "teardown": {"duration": 0.0006981999613344669, "outcome": "passed"}}, {"nodeid": "driver/test_cases.py::TestCases::test_alertpageload", "lineno": 106, "outcome": "passed", "keywords": ["test_alertpageload", "TestCases", "usefixtures", "test_cases.py", "driver/__init__.py", "Zoomprop"], "setup": {"duration": 0.0009868999477475882, "outcome": "passed"}, "call": {"duration": 16.87447279994376, "outcome": "passed"}, "teardown": {"duration": 0.005266800057142973, "outcome": "passed"}}, {"nodeid": "driver/test_cases.py::TestCases::test_settingpageload", "lineno": 114, "outcome": "passed", "keywords": ["test_settingpageload", "TestCases", "usefixtures", "test_cases.py", "driver/__init__.py", "Zoomprop"], "setup": {"duration": 0.0010475001763552427, "outcome": "passed"}, "call": {"duration": 15.776141399983317, "outcome": "passed"}, "teardown": {"duration": 20.008105900138617, "outcome": "passed"}}]}